<?xml version="1.0" encoding="UTF-8"?>
<!-- Generated by org.testng.reporters.JUnitXMLReporter -->
<testsuite ignored="1" hostname="Lenovo" failures="0" tests="2" name="Dummy test" time="19.112" errors="0" timestamp="2025-12-10T19:23:31 IST">
  <testcase classname="com.ORHRM.test.dummyClass" name="dummyTest" time="0.016"/>
  <testcase classname="com.ORHRM.test.LoginTest" name="ToVeifyLogin" time="0.385"/>
  <testcase classname="com.ORHRM.base.BassClass" name="@BeforeSuite loadConfig" time="0.0">
    <ignored/>
  </testcase> <!-- @BeforeSuite loadConfig -->
</testsuite> <!-- Dummy test -->
