<?xml version="1.0" encoding="UTF-8"?>
<testng-results ignored="0" total="1" passed="1" failed="0" skipped="0">
  <reporter-output>
  </reporter-output>
  <suite started-at="2025-12-15T16:24:45 IST" name="Default suite" finished-at="2025-12-15T16:25:47 IST" duration-ms="61891">
    <groups>
    </groups>
    <test started-at="2025-12-15T16:24:45 IST" name="Default test" finished-at="2025-12-15T16:25:47 IST" duration-ms="61891">
      <class name="com.ORHRM.test.LoginTest">
        <test-method is-config="true" signature="loadConfig()[pri:0, instance:com.ORHRM.test.LoginTest@76a2ddf3]" started-at="2025-12-15T16:24:45 IST" name="loadConfig" finished-at="2025-12-15T16:24:45 IST" duration-ms="15" status="PASS">
          <reporter-output>
          </reporter-output>
        </test-method> <!-- loadConfig -->
        <test-method is-config="true" signature="setup()[pri:0, instance:com.ORHRM.test.LoginTest@76a2ddf3]" started-at="2025-12-15T16:24:45 IST" name="setup" finished-at="2025-12-15T16:25:46 IST" duration-ms="61217" status="PASS">
          <reporter-output>
          </reporter-output>
        </test-method> <!-- setup -->
        <test-method is-config="true" signature="setupPages()[pri:0, instance:com.ORHRM.test.LoginTest@76a2ddf3]" started-at="2025-12-15T16:25:46 IST" name="setupPages" finished-at="2025-12-15T16:25:46 IST" duration-ms="1" status="PASS">
          <reporter-output>
          </reporter-output>
        </test-method> <!-- setupPages -->
        <test-method signature="ToVeifyLogin()[pri:0, instance:com.ORHRM.test.LoginTest@76a2ddf3]" started-at="2025-12-15T16:25:46 IST" name="ToVeifyLogin" finished-at="2025-12-15T16:25:46 IST" duration-ms="302" status="PASS">
          <reporter-output>
          </reporter-output>
        </test-method> <!-- ToVeifyLogin -->
        <test-method is-config="true" signature="tearDown()[pri:0, instance:com.ORHRM.test.LoginTest@76a2ddf3]" started-at="2025-12-15T16:25:46 IST" name="tearDown" finished-at="2025-12-15T16:25:47 IST" duration-ms="339" status="PASS">
          <reporter-output>
          </reporter-output>
        </test-method> <!-- tearDown -->
      </class> <!-- com.ORHRM.test.LoginTest -->
    </test> <!-- Default test -->
  </suite> <!-- Default suite -->
</testng-results>
